<?xml version="1.0" encoding="UTF-8"?>
<!-- Generated by org.testng.reporters.JUnitReportReporter -->
<testsuite skipped="0" hostname="Sony" name="com.Modules.SignUp" tests="2" failures="0" timestamp="07 Jul 2019 18:10:45 GMT" time="35.263" errors="0">
  <testcase name="executeBrowser" time="9.675" classname="com.Modules.SignUp"/>
  <testcase name="verifyOrderPlace" time="25.588" classname="com.Modules.SignUp"/>
</testsuite> <!-- com.Modules.SignUp -->
